  HoeffdingInequality.cpp
D:\DIYA\CS156\HW2\HW2\HW2\HoeffdingInequality.cpp(10,9): error C2065: 'Matrix': 선언되지 않은 식별자입니다.
D:\DIYA\CS156\HW2\HW2\HW2\HoeffdingInequality.cpp(10,16): error C2062: 예기치 않은 'int' 형식입니다.
D:\DIYA\CS156\HW2\HW2\HW2\HoeffdingInequality.cpp(11,9): error C2065: 'mat': 선언되지 않은 식별자입니다.
D:\DIYA\CS156\HW2\HW2\HW2\HoeffdingInequality.cpp(13,9): error C2065: 'random_device': 선언되지 않은 식별자입니다.
D:\DIYA\CS156\HW2\HW2\HW2\HoeffdingInequality.cpp(13,23): error C2146: 구문 오류: ';'이(가) 'rd' 식별자 앞에 없습니다.
D:\DIYA\CS156\HW2\HW2\HW2\HoeffdingInequality.cpp(13,23): error C2065: 'rd': 선언되지 않은 식별자입니다.
D:\DIYA\CS156\HW2\HW2\HW2\HoeffdingInequality.cpp(14,9): error C2065: 'mt19937': 선언되지 않은 식별자입니다.
D:\DIYA\CS156\HW2\HW2\HW2\HoeffdingInequality.cpp(14,17): error C2146: 구문 오류: ';'이(가) 'gen' 식별자 앞에 없습니다.
D:\DIYA\CS156\HW2\HW2\HW2\HoeffdingInequality.cpp(14,21): error C3861: 'rd': 식별자를 찾을 수 없습니다.
D:\DIYA\CS156\HW2\HW2\HW2\HoeffdingInequality.cpp(14,17): error C3861: 'gen': 식별자를 찾을 수 없습니다.
D:\DIYA\CS156\HW2\HW2\HW2\HoeffdingInequality.cpp(15,9): error C2065: 'uniform_int_distribution': 선언되지 않은 식별자입니다.
D:\DIYA\CS156\HW2\HW2\HW2\HoeffdingInequality.cpp(15,34): error C2062: 예기치 않은 'int' 형식입니다.
D:\DIYA\CS156\HW2\HW2\HW2\HoeffdingInequality.cpp(18,23): error C2065: 'gen': 선언되지 않은 식별자입니다.
D:\DIYA\CS156\HW2\HW2\HW2\HoeffdingInequality.cpp(18,18): error C3861: 'dist': 식별자를 찾을 수 없습니다.
D:\DIYA\CS156\HW2\HW2\HW2\HoeffdingInequality.cpp(22,34): error C2065: 'mat': 선언되지 않은 식별자입니다.
D:\DIYA\CS156\HW2\HW2\HW2\HoeffdingInequality.cpp(24,38): error C2065: 'mat': 선언되지 않은 식별자입니다.
D:\DIYA\CS156\HW2\HW2\HW2\HoeffdingInequality.cpp(25,25): error C3861: 'mat': 식별자를 찾을 수 없습니다.
D:\DIYA\CS156\HW2\HW2\HW2\HoeffdingInequality.cpp(34,27): error C3861: 'mat': 식별자를 찾을 수 없습니다.
D:\DIYA\CS156\HW2\HW2\HW2\HoeffdingInequality.cpp(35,27): error C3861: 'mat': 식별자를 찾을 수 없습니다.
D:\DIYA\CS156\HW2\HW2\HW2\HoeffdingInequality.cpp(36,27): error C3861: 'mat': 식별자를 찾을 수 없습니다.
D:\DIYA\CS156\HW2\HW2\HW2\HoeffdingInequality.cpp(40,13): error C2065: 'cout': 선언되지 않은 식별자입니다.
D:\DIYA\CS156\HW2\HW2\HW2\HoeffdingInequality.cpp(40,74): error C2065: 'endl': 선언되지 않은 식별자입니다.
D:\DIYA\CS156\HW2\HW2\HW2\HoeffdingInequality.cpp(44,5): error C2065: 'cout': 선언되지 않은 식별자입니다.
D:\DIYA\CS156\HW2\HW2\HW2\HoeffdingInequality.cpp(44,75): error C2065: 'endl': 선언되지 않은 식별자입니다.
